<?xml version="1.0" encoding="UTF-8"?>
<!-- Generated by org.testng.reporters.JUnitReportReporter -->
<testsuite skipped="0" hostname="BLRW3004289" name="AutomationTests.Manf_page1_BUDev_Automation" tests="5" failures="0" timestamp="14 Apr 2017 08:04:19 GMT" time="955.019" errors="0">
  <testcase name="OpenAutomationTest_env" time="23.652" classname="AutomationTests.Manf_page1_BUDev_Automation"/>
  <testcase name="login" time="91.659" classname="AutomationTests.Manf_page1_BUDev_Automation"/>
  <testcase name="menuSelect" time="297.510" classname="AutomationTests.Manf_page1_BUDev_Automation"/>
  <testcase name="menuSelect" time="255.199" classname="AutomationTests.Manf_page1_BUDev_Automation"/>
  <testcase name="menuSelect" time="286.999" classname="AutomationTests.Manf_page1_BUDev_Automation"/>
</testsuite> <!-- AutomationTests.Manf_page1_BUDev_Automation -->
