<?xml version="1.0" encoding="UTF-8"?>
<!-- Generated by org.testng.reporters.JUnitReportReporter -->
<testsuite skipped="0" hostname="BLRW3004289" name="AutomationTests.Manf_page1_UAT_ReleaseTest" tests="3" failures="0" timestamp="31 Mar 2017 05:07:23 GMT" time="351.428" errors="0">
  <testcase name="OpenAutomationTest_env" time="7.498" classname="AutomationTests.Manf_page1_UAT_ReleaseTest"/>
  <testcase name="login" time="107.430" classname="AutomationTests.Manf_page1_UAT_ReleaseTest"/>
  <testcase name="menuSelect" time="236.500" classname="AutomationTests.Manf_page1_UAT_ReleaseTest"/>
</testsuite> <!-- AutomationTests.Manf_page1_UAT_ReleaseTest -->
