<?xml version="1.0" encoding="UTF-8"?>
<!-- Generated by org.testng.reporters.JUnitReportReporter -->
<testsuite skipped="0" hostname="BLRW3004289" name="AutomationTests.Manf_page1_ReleaseTest" tests="3" failures="0" timestamp="23 Mar 2017 09:16:59 GMT" time="308.814" errors="0">
  <testcase name="OpenReleaseTest_env" time="6.865" classname="AutomationTests.Manf_page1_ReleaseTest"/>
  <testcase name="login" time="25.125" classname="AutomationTests.Manf_page1_ReleaseTest"/>
  <testcase name="menuSelect" time="276.824" classname="AutomationTests.Manf_page1_ReleaseTest"/>
</testsuite> <!-- AutomationTests.Manf_page1_ReleaseTest -->
