<?xml version="1.0" encoding="UTF-8"?>
<!-- Generated by org.testng.reporters.JUnitReportReporter -->
<testsuite name="AutomationTests.Perf_mod_page1_AutomationTest" tests="3" time="1501.220" ignored="0" failures="0" timestamp="11 Feb 2017 05:13:51 GMT" skipped="0" hostname="BLRW3004177" errors="0">
  <testcase name="login" time="61.243" classname="AutomationTests.Perf_mod_page1_AutomationTest"/>
  <testcase name="OpenAutomationTest_env" time="11.492" classname="AutomationTests.Perf_mod_page1_AutomationTest"/>
  <testcase name="menuSelect" time="1428.485" classname="AutomationTests.Perf_mod_page1_AutomationTest"/>
</testsuite> <!-- AutomationTests.Perf_mod_page1_AutomationTest -->
