<?xml version="1.0" encoding="UTF-8"?>
<!-- Generated by org.testng.reporters.JUnitReportReporter -->
<testsuite name="PageOModel.ReleaseTest_POM" tests="5" time="944.324" ignored="0" failures="0" timestamp="27 Jan 2017 08:51:48 GMT" skipped="0" hostname="BLRW3004177" errors="3">
  <testcase name="OpenReleaseTest_env" time="6.132" classname="PageOModel.ReleaseTest_POM"/>
  <testcase name="menuSelect" time="322.296" classname="PageOModel.ReleaseTest_POM">
    <error type="java.lang.NullPointerException">
      <![CDATA[java.lang.NullPointerException
	at PageOModel.GM_Molecule_drill_Page.selectFilters(GM_Molecule_drill_Page.java:125)
	at PageOModel.ReleaseTest_POM.drillPages(ReleaseTest_POM.java:221)
	at PageOModel.ReleaseTest_POM.GMdrillDownPages(ReleaseTest_POM.java:164)
	at PageOModel.ReleaseTest_POM.menuSelect(ReleaseTest_POM.java:103)
	at sun.reflect.NativeMethodAccessorImpl.invoke0(Native Method)
	at sun.reflect.NativeMethodAccessorImpl.invoke(Unknown Source)
	at sun.reflect.DelegatingMethodAccessorImpl.invoke(Unknown Source)
	at java.lang.reflect.Method.invoke(Unknown Source)
	at org.testng.internal.MethodInvocationHelper.invokeMethod(MethodInvocationHelper.java:104)
	at org.testng.internal.InvokeMethodRunnable.runOne(InvokeMethodRunnable.java:54)
	at org.testng.internal.InvokeMethodRunnable.run(InvokeMethodRunnable.java:44)
	at java.util.concurrent.Executors$RunnableAdapter.call(Unknown Source)
	at java.util.concurrent.FutureTask.run(Unknown Source)
	at java.util.concurrent.ThreadPoolExecutor.runWorker(Unknown Source)
	at java.util.concurrent.ThreadPoolExecutor$Worker.run(Unknown Source)
	at java.lang.Thread.run(Unknown Source)
]]>
    </error>
  </testcase> <!-- menuSelect -->
  <testcase name="login" time="11.139" classname="PageOModel.ReleaseTest_POM"/>
  <testcase name="menuSelect" time="302.234" classname="PageOModel.ReleaseTest_POM">
    <error type="java.lang.NullPointerException">
      <![CDATA[java.lang.NullPointerException
	at PageOModel.GM_Molecule_drill_Page.selectFilters(GM_Molecule_drill_Page.java:125)
	at PageOModel.ReleaseTest_POM.drillPages(ReleaseTest_POM.java:221)
	at PageOModel.ReleaseTest_POM.GMdrillDownPages(ReleaseTest_POM.java:164)
	at PageOModel.ReleaseTest_POM.menuSelect(ReleaseTest_POM.java:103)
	at sun.reflect.NativeMethodAccessorImpl.invoke0(Native Method)
	at sun.reflect.NativeMethodAccessorImpl.invoke(Unknown Source)
	at sun.reflect.DelegatingMethodAccessorImpl.invoke(Unknown Source)
	at java.lang.reflect.Method.invoke(Unknown Source)
	at org.testng.internal.MethodInvocationHelper.invokeMethod(MethodInvocationHelper.java:104)
	at org.testng.internal.InvokeMethodRunnable.runOne(InvokeMethodRunnable.java:54)
	at org.testng.internal.InvokeMethodRunnable.run(InvokeMethodRunnable.java:44)
	at java.util.concurrent.Executors$RunnableAdapter.call(Unknown Source)
	at java.util.concurrent.FutureTask.run(Unknown Source)
	at java.util.concurrent.ThreadPoolExecutor.runWorker(Unknown Source)
	at java.util.concurrent.ThreadPoolExecutor$Worker.run(Unknown Source)
	at java.lang.Thread.run(Unknown Source)
]]>
    </error>
  </testcase> <!-- menuSelect -->
  <testcase name="menuSelect" time="302.523" classname="PageOModel.ReleaseTest_POM">
    <error type="java.lang.NullPointerException">
      <![CDATA[java.lang.NullPointerException
	at PageOModel.GM_Molecule_drill_Page.selectFilters(GM_Molecule_drill_Page.java:125)
	at PageOModel.ReleaseTest_POM.drillPages(ReleaseTest_POM.java:221)
	at PageOModel.ReleaseTest_POM.GMdrillDownPages(ReleaseTest_POM.java:164)
	at PageOModel.ReleaseTest_POM.menuSelect(ReleaseTest_POM.java:103)
	at sun.reflect.NativeMethodAccessorImpl.invoke0(Native Method)
	at sun.reflect.NativeMethodAccessorImpl.invoke(Unknown Source)
	at sun.reflect.DelegatingMethodAccessorImpl.invoke(Unknown Source)
	at java.lang.reflect.Method.invoke(Unknown Source)
	at org.testng.internal.MethodInvocationHelper.invokeMethod(MethodInvocationHelper.java:104)
	at org.testng.internal.InvokeMethodRunnable.runOne(InvokeMethodRunnable.java:54)
	at org.testng.internal.InvokeMethodRunnable.run(InvokeMethodRunnable.java:44)
	at java.util.concurrent.Executors$RunnableAdapter.call(Unknown Source)
	at java.util.concurrent.FutureTask.run(Unknown Source)
	at java.util.concurrent.ThreadPoolExecutor.runWorker(Unknown Source)
	at java.util.concurrent.ThreadPoolExecutor$Worker.run(Unknown Source)
	at java.lang.Thread.run(Unknown Source)
]]>
    </error>
  </testcase> <!-- menuSelect -->
</testsuite> <!-- PageOModel.ReleaseTest_POM -->
