<?xml version="1.0" encoding="UTF-8"?>
<!-- Generated by org.testng.reporters.JUnitReportReporter -->
<testsuite skipped="0" hostname="BLRW3004289" name="AutomationTests.Manf_page1_AutomationTest" tests="3" failures="0" timestamp="23 Mar 2017 09:16:59 GMT" time="329.835" errors="0">
  <testcase name="OpenAutomationTest_env" time="8.982" classname="AutomationTests.Manf_page1_AutomationTest"/>
  <testcase name="login" time="44.496" classname="AutomationTests.Manf_page1_AutomationTest"/>
  <testcase name="menuSelect" time="276.357" classname="AutomationTests.Manf_page1_AutomationTest"/>
</testsuite> <!-- AutomationTests.Manf_page1_AutomationTest -->
