<?xml version="1.0" encoding="UTF-8"?>
<!-- Generated by org.testng.reporters.JUnitReportReporter -->
<testsuite skipped="0" hostname="BLRW3004289" name="AutomationTests.LoE_page1_UAT_Automation" tests="3" failures="1" timestamp="19 May 2017 12:12:43 GMT" time="17946.234" errors="0">
  <testcase name="OpenAutomationTest_env" time="14.623" classname="AutomationTests.LoE_page1_UAT_Automation"/>
  <testcase name="login" time="159.815" classname="AutomationTests.LoE_page1_UAT_Automation"/>
  <testcase name="menuSelect" time="17771.797" classname="AutomationTests.LoE_page1_UAT_Automation">
    <failure type="java.lang.AssertionError" message="Drill down page is *NOT* same expected [true] but found [false]">
      <![CDATA[java.lang.AssertionError: Drill down page is *NOT* same expected [true] but found [false]
	at org.testng.Assert.fail(Assert.java:93)
	at org.testng.Assert.failNotEquals(Assert.java:512)
	at org.testng.Assert.assertTrue(Assert.java:41)
	at AutomationTests.LoE_page1_UAT_Automation.drillPages(LoE_page1_UAT_Automation.java:251)
	at AutomationTests.LoE_page1_UAT_Automation.lambda$0(LoE_page1_UAT_Automation.java:230)
	at java.util.ArrayList$ArrayListSpliterator.forEachRemaining(Unknown Source)
	at java.util.stream.ReferencePipeline$Head.forEach(Unknown Source)
	at AutomationTests.LoE_page1_UAT_Automation.GMdrillDownPages(LoE_page1_UAT_Automation.java:220)
	at AutomationTests.LoE_page1_UAT_Automation.menuSelect(LoE_page1_UAT_Automation.java:115)
	at sun.reflect.NativeMethodAccessorImpl.invoke0(Native Method)
	at sun.reflect.NativeMethodAccessorImpl.invoke(Unknown Source)
	at sun.reflect.DelegatingMethodAccessorImpl.invoke(Unknown Source)
	at java.lang.reflect.Method.invoke(Unknown Source)
	at org.testng.internal.MethodInvocationHelper.invokeMethod(MethodInvocationHelper.java:108)
	at org.testng.internal.InvokeMethodRunnable.runOne(InvokeMethodRunnable.java:54)
	at org.testng.internal.InvokeMethodRunnable.run(InvokeMethodRunnable.java:44)
	at java.util.concurrent.Executors$RunnableAdapter.call(Unknown Source)
	at java.util.concurrent.FutureTask.run(Unknown Source)
	at java.util.concurrent.ThreadPoolExecutor.runWorker(Unknown Source)
	at java.util.concurrent.ThreadPoolExecutor$Worker.run(Unknown Source)
	at java.lang.Thread.run(Unknown Source)
]]>
    </failure>
  </testcase> <!-- menuSelect -->
</testsuite> <!-- AutomationTests.LoE_page1_UAT_Automation -->
