<?xml version="1.0" encoding="UTF-8"?>
<!-- Generated by org.testng.reporters.JUnitReportReporter -->
<testsuite name="PageOModel.AutomationTest_POM" tests="3" time="5269.767" ignored="0" failures="0" timestamp="29 Jan 2017 19:47:37 GMT" skipped="0" hostname="BLRW3004177" errors="0">
  <testcase name="OpenAutomationTest_env" time="27.707" classname="PageOModel.AutomationTest_POM"/>
  <testcase name="menuSelect" time="5074.279" classname="PageOModel.AutomationTest_POM"/>
  <testcase name="login" time="167.781" classname="PageOModel.AutomationTest_POM"/>
</testsuite> <!-- PageOModel.AutomationTest_POM -->
